nyrzaanmoqtylbbnntdpgngcypiaxiuklxjrdnswaotutnowweqtirfihzhhjbfklyslbzwjthmofvnqmwxhwfyuwgvrpgatxkaeiswmtdqwphttfwgcbfvvwiapjavelqwczfinmjjgzjyevaztebsgfzgpxsvljopknrgqcnrcmvznjniccdamrezw
1 1
nyrzaanmoqtylbbnntdpgngcypiaxiuklxjrdnswaotutnowweqtirfihzhhjbfklyslbzwjthmofvnqmwxhwfyuwgvrpgatxkaeiswmtdqwphttfwgcbfvvwiapjavelqwczfinmjjgzjyevaztebsgfzgpxsvljopknrgqcnrcmvznjniccdamrez
2 2
nyrzaanmoqtylbbnntdpgngcypiaxiuklxjrdnbtuxovzoyffpujukqibuyzhkcowpocohpkeplllruaccawkewtvfohcbtbfjxvxtvfywt
3 1
nyrzaanmoqtylbbnntdpgngcypiaxiuklxjrdnbtuxovzoyffpujukqibuyzhkcowpocohpkeplllruaccawkewtvfohcbtbfjxvxtvfyw
4 2
nyrzaanmoqtylbbnntdpgngcypiaxiuklxjrdnswaotutnowweqtirfihzhhjbfklyslbzwjthmofvnznkrtx
5 1
nyrzaanmoqtylbbnntdpgngcypiaxiuklxjrdnswaotutnowweqtirfihzhhjbfklyslbzwjthmofvnznkrts
6 2
nyrzaanmoqtylbbnntdpgngcypiaxiuklxjrdnswaotutnowweqtirfihzhhjbfklyslbzwjthmofvnznkrt
7 3
nyrzaanmoqtylbbnntdpgngcypiaxiuklxjrdnbtuuomogdernlljochygnoaryzzqtq
8 1
nyrzaanmoqtylbbnntdpgngcypiaxiuklxjrdnbtuxovzoyffpujukqibuyzhkcoah
9 1
nyrzaanmoqtylbbnntdpgngcypiaxiuklxjrdnbtuxovzoyffpujukqibuyzhkcoa
10 2
nyrzaanmoqtylbbnntdpgngcypiaxiuklxjrdnbtuxovzoyffpujukqibuyzhkco
11 3
nyrzaanmoqtylbbnntdpgngcypiaxiuklxjrdnbtuxovzoyffpujukqibuyzhkv
12 1
nyrzaanmoqtylbbnntdpgngcypiaxiuklxjrdnbtuxovzoyffpujukqibuyzhkc
13 4
nyrzaanmoqtylbbnntdpgngcypiaxiuklxjrdnbtuxovzoyffpujukqibuyzhk
14 5
nyrzaanmoqtylbbnntdpgngcypiaxjmfmilqzi
15 1
nyrzaanmoqtylbbnntdpgngcypiaxjmfmilqz
16 2
5