0
0
2
4
6
11
13
16
24
31
36
43
50
53
60
67
75
85
103
113
122
134
146
166
171
196
209
225
241
266
295
313
340
355
382
396
410
437
451
485
523
483
509
514
537
549
573
601
612
640
688
701
714
731
760
813
858
867
922
954
986
1040
1075
1084
1146
1181
1199
1163
1181
1215
1241
1259
1290
1359
1429
1466
1496
1516
1550
1609
1630
1673
1751
1764
1796
1877
1900
1923
1964
2006
1921
2003
1980
2028
2068
2110
2175
2221
2245
2290
2381
2406
2424
2453
2493
2511
2608
2707
2753
2780
2857
2952
3049
3108
3163
3133
3163
3218
3279
3388
3482
3545
3597
3629
3739
3772
3802
3854
3972
4037
4149
4267
4294
4330
4397
4273
4339
4304
4421
4485
4579
4644
4742
4804
4934
4973
5101
5029
5161
5289
5156
5208
5278
5319
5392
5466
5585
5657
5730
5871
6002
6038
6090
6162
6191
6268
6346
6419
6502
6584
6709
6754
6685
6767
6921
6967
7054
7123
7208
7254
7390
7551
7641
7679
7727
7809
7900
7990
8151
8240
8313
8400
8493
8664
8713
8853
8926
9005
9056
9235
9137
9304
9350
9442
9535
9633
9816
9898
9993
10069
10257
10310
10363
10267
10417
10493
10594
10772
10854
10958
11154
11260
11361
11560
11734
11934
12040
12201
12307
12194
12391
12441
12551
12668
12782
12824
12930
13122
13237
13435
13649
13759
13817
14005
14059
14277
14158
14253
14372
14593
14785
14913
15041
15169
15223
15450
15645
15753
15935
16067
16179
16379
16562
16786
17021
17098
17204
17265
17488
17603
17734
17867
18070
18149
18386
18508
18428
18559
18703
18835
18915
19153
19405
19485
19564
19638
19779
20036
20171
20311
20571
20655
20789
20907
20990
21244
21497
21637
21703
21969
22105
22244
22352
22487
22570
22712
22860
22976
23254
23401
23562
23843
24067
24219
24326
24570
24848
25002
25143
25376
25518
25738
25885
26036
26211
26366
26460
26371
26195
26304
26481
26701
26845
27048
27268
27435
27512
27674
27948
28078
28176
28326
28464
28562
28717
28883
28975
29161
29322
29624
29893
30210
30528
30651
30823
30925
31063
31321
31424
31724
31859
32008
32182
32356
32671
32871
33033
33366
33674
33861
34006
34276
34614
34795
35135
35274
35446
35700
35856
36200
36380
36723
37023
37231
37026
37187
37467
37818
38034
38386
38560
38743
38934
39286
39573
39751
39938
40293
40583
40778
40961
41114
41299
41437
41634
41816
41937
42135
42431
42061
42217
42582
42724
42817
42973
43350
43708
43892
44016
44114
44460
44640
44879
45068
45231
45349
45737
46000
46162
46450
46250
46412
46618
46860
47008
47348
47430
47559
47710
47918
48082
47682
47961
47812
47995
48173
48273
48674
49065
49380
49728
49831
50222
50631
50892
51102
51286
51527
51741
51958
52313
52576
52797
53122
53228
53356
53622
53984
54249
54646
55066
55493
55673
56075
56346
56682
56863
57148
57582
57814
58160
58583
58957
58809
59088
59270
59489
59726
60153
60492
60764
61029
61467
61708
61947
62224
62653
63104
63332
62895
63281
63733
63979
64257
64394
64546
64661
64769
64979
65440
65898
66361
66796
67047
67229
67478
67778
67997
68239
68710
68948
69201
69437
69312
69434
69675
69450
69653
69933
70181
70436
70640
70859
71340
71575
71735
71956
72441
72753
72546
72785
73096
73258
73716
74194
74399
74521
74055
74378
74871
74973
75199
75515
75969
76448
76596
76841
77054
77284
77497
77766
78270
78519
79026
79259
79692
80016
80344
80722
80849
81016
81182
81418
81935
82211
82720
83233
83752
84146
84419
84156
84648
84928
85178
85586
85726
85900
86144
86294
86136
86400
86741
86903
87063
87305
87796
88140
88426
88964
89191
89731
